{
  "RSpec": {
    "coverage": {
      "/Users/sekharpaladugu/code/projects/ganesha/app/models/user.rb": [
        1,
        1,
        1,
        1,
        null,
        null,
        1,
        null,
        1,
        null
      ],
      "/Users/sekharpaladugu/code/projects/ganesha/app/controllers/stickers_controller.rb": [
        1,
        1,
        54,
        0,
        0,
        null,
        54,
        null,
        null,
        null,
        1,
        6,
        null,
        null,
        1,
        2,
        2,
        2,
        2,
        2,
        null,
        0,
        0,
        null,
        null,
        null,
        1,
        null,
        1,
        2,
        null,
        null,
        null,
        null,
        null,
        null
      ],
      "/Users/sekharpaladugu/code/projects/ganesha/app/controllers/application_controller.rb": [
        1,
        1,
        1,
        1,
        null,
        1,
        216,
        null,
        null,
        1,
        450,
        null,
        null,
        1,
        198,
        null,
        null,
        1,
        null,
        null
      ],
      "/Users/sekharpaladugu/code/projects/ganesha/app/helpers/application_helper.rb": [
        1,
        null
      ],
      "/Users/sekharpaladugu/code/projects/ganesha/app/models/cart.rb": [
        1,
        1,
        null,
        1,
        221,
        null,
        null,
        1,
        21,
        21,
        null,
        null,
        1,
        2,
        2,
        null,
        null,
        1,
        1,
        null,
        null,
        1,
        173,
        null,
        null,
        1,
        14,
        16,
        null,
        14,
        null,
        null,
        1,
        1,
        null,
        null,
        1,
        28,
        32,
        32,
        null,
        null,
        null
      ],
      "/Users/sekharpaladugu/code/projects/ganesha/app/models/sticker.rb": [
        1,
        1,
        null,
        1,
        null,
        1,
        1,
        null,
        1,
        null,
        null,
        null,
        null,
        null,
        1,
        null
      ],
      "/Users/sekharpaladugu/code/projects/ganesha/app/controllers/session_controller.rb": [
        1,
        1,
        null,
        null,
        1,
        20,
        20,
        20,
        11,
        11,
        9,
        9,
        9,
        null,
        0,
        0,
        null,
        null,
        0,
        0,
        null,
        null,
        null,
        1,
        1,
        1,
        1,
        null,
        null
      ],
      "/Users/sekharpaladugu/code/projects/ganesha/app/models/order.rb": [
        1,
        1,
        1,
        null,
        14,
        14,
        14,
        14,
        null,
        1,
        10,
        2,
        null,
        null,
        null
      ],
      "/Users/sekharpaladugu/code/projects/ganesha/app/controllers/orders_controller.rb": [
        1,
        1,
        null,
        1,
        7,
        null,
        null,
        1,
        2,
        0,
        0,
        null,
        2,
        4,
        2,
        2,
        2,
        null,
        null,
        null,
        1,
        4,
        4,
        3,
        null,
        1,
        null,
        null,
        null,
        1,
        null,
        1,
        15,
        2,
        null,
        null,
        null
      ],
      "/Users/sekharpaladugu/code/projects/ganesha/app/controllers/cart_stickers_controller.rb": [
        1,
        1,
        19,
        19,
        19,
        19,
        19,
        null,
        null,
        1,
        2,
        2,
        1,
        1,
        1,
        null,
        1,
        1,
        1,
        null,
        2,
        null,
        null,
        1,
        1,
        1,
        1,
        1,
        1,
        null,
        null
      ],
      "/Users/sekharpaladugu/code/projects/ganesha/app/controllers/cart_controller.rb": [
        1,
        1,
        null,
        null
      ],
      "/Users/sekharpaladugu/code/projects/ganesha/app/models/cart_sticker.rb": [
        1,
        1,
        null,
        null,
        1,
        34,
        34,
        34,
        null,
        null,
        1,
        17,
        null,
        null
      ],
      "/Users/sekharpaladugu/code/projects/ganesha/app/controllers/admin/dashboard_controller.rb": [
        1,
        1,
        13,
        null,
        null,
        1,
        0,
        0,
        0,
        null,
        null,
        null
      ],
      "/Users/sekharpaladugu/code/projects/ganesha/app/controllers/admin/base_controller.rb": [
        1,
        1,
        null,
        1,
        40,
        null,
        null
      ],
      "/Users/sekharpaladugu/code/projects/ganesha/app/controllers/admin/stickers_controller.rb": [
        1,
        1,
        5,
        null,
        null,
        1,
        7,
        null,
        null,
        1,
        7,
        7,
        7,
        0,
        0,
        7,
        1,
        1,
        6,
        6,
        6,
        null,
        0,
        0,
        null,
        null,
        null,
        1,
        3,
        null,
        null,
        1,
        null,
        1,
        14,
        null,
        null,
        null,
        null,
        null,
        null
      ],
      "/Users/sekharpaladugu/code/projects/ganesha/app/models/category.rb": [
        1,
        1,
        null,
        null,
        1,
        null,
        1,
        null,
        1,
        7,
        null,
        null,
        1,
        6,
        null,
        null
      ],
      "/Users/sekharpaladugu/code/projects/ganesha/app/models/order_sticker.rb": [
        1,
        1,
        1,
        null
      ],
      "/Users/sekharpaladugu/code/projects/ganesha/app/controllers/users_controller.rb": [
        1,
        1,
        1,
        null,
        null,
        1,
        1,
        1,
        1,
        null,
        1,
        1,
        null,
        0,
        0,
        null,
        null,
        null,
        1,
        3,
        null,
        null,
        1,
        1,
        null,
        null,
        1,
        1,
        1,
        null,
        1,
        1,
        null,
        null,
        1,
        null,
        1,
        2,
        null,
        null,
        null,
        null,
        null
      ],
      "/Users/sekharpaladugu/code/projects/ganesha/app/controllers/categories_controller.rb": [
        1,
        1,
        3,
        null,
        null,
        1,
        3,
        null,
        null
      ]
    },
    "timestamp": 1448915506
  }
}
