{
  "RSpec": {
    "coverage": {
      "/Users/mattrooney/code/1508/module_3/the_pivot/app/models/user.rb": [
        1,
        1,
        1,
        1,
        null,
        null,
        1,
        null,
        1,
        null
      ],
      "/Users/mattrooney/code/1508/module_3/the_pivot/app/models/order.rb": [
        1,
        1,
        1,
        null,
        13,
        13,
        13,
        13,
        null,
        1,
        4,
        2,
        null,
        null,
        null
      ],
      "/Users/mattrooney/code/1508/module_3/the_pivot/app/controllers/stickers_controller.rb": [
        null,
        null,
        null,
        null,
        null,
        null,
        null,
        null,
        null,
        null,
        null,
        null,
        null,
        null,
        null,
        null,
        null,
        null,
        null,
        null,
        null,
        null,
        null,
        null,
        null,
        null,
        null,
        null,
        null,
        null,
        null,
        null,
        null,
        null,
        null,
        null
      ],
      "/Users/mattrooney/code/1508/module_3/the_pivot/app/controllers/session_controller.rb": [
        1,
        1,
        null,
        null,
        1,
        11,
        11,
        11,
        11,
        11,
        0,
        0,
        0,
        null,
        0,
        0,
        null,
        null,
        0,
        0,
        null,
        null,
        null,
        1,
        0,
        0,
        0,
        null,
        null
      ],
      "/Users/mattrooney/code/1508/module_3/the_pivot/app/controllers/application_controller.rb": [
        1,
        1,
        1,
        1,
        null,
        1,
        53,
        null,
        null,
        1,
        107,
        null,
        null,
        1,
        57,
        null,
        null,
        1,
        null,
        null
      ],
      "/Users/mattrooney/code/1508/module_3/the_pivot/app/helpers/application_helper.rb": [
        1,
        null
      ],
      "/Users/mattrooney/code/1508/module_3/the_pivot/app/models/cart.rb": [
        1,
        1,
        null,
        1,
        58,
        null,
        null,
        1,
        1,
        1,
        null,
        null,
        1,
        1,
        1,
        null,
        null,
        1,
        0,
        null,
        null,
        1,
        35,
        null,
        null,
        1,
        0,
        0,
        null,
        0,
        null,
        null,
        1,
        1,
        null,
        null,
        1,
        0,
        0,
        0,
        null,
        null,
        null
      ],
      "/Users/mattrooney/code/1508/module_3/the_pivot/app/controllers/admin/dashboard_controller.rb": [
        1,
        1,
        12,
        null,
        null,
        1,
        0,
        0,
        0,
        null,
        null,
        null
      ],
      "/Users/mattrooney/code/1508/module_3/the_pivot/app/controllers/admin/base_controller.rb": [
        1,
        1,
        null,
        1,
        23,
        null,
        null
      ],
      "/Users/mattrooney/code/1508/module_3/the_pivot/app/controllers/admin/stickers_controller.rb": [
        1,
        1,
        0,
        null,
        null,
        1,
        7,
        null,
        null,
        1,
        0,
        0,
        0,
        0,
        0,
        0,
        0,
        0,
        0,
        0,
        0,
        null,
        0,
        0,
        null,
        null,
        null,
        1,
        0,
        null,
        null,
        1,
        null,
        1,
        0,
        null,
        null,
        null,
        null,
        null,
        null
      ],
      "/Users/mattrooney/code/1508/module_3/the_pivot/app/models/sticker.rb": [
        1,
        1,
        null,
        1,
        null,
        1,
        1,
        null,
        1,
        null,
        null,
        null,
        null,
        null,
        1,
        null
      ],
      "/Users/mattrooney/code/1508/module_3/the_pivot/app/models/category.rb": [
        1,
        1,
        null,
        null,
        1,
        null,
        1,
        null,
        1,
        0,
        null,
        null,
        1,
        6,
        null,
        null
      ],
      "/Users/mattrooney/code/1508/module_3/the_pivot/app/models/order_sticker.rb": [
        1,
        1,
        1,
        null
      ],
      "/Users/mattrooney/code/1508/module_3/the_pivot/app/controllers/users_controller.rb": [
        1,
        1,
        0,
        null,
        null,
        1,
        0,
        0,
        0,
        null,
        0,
        0,
        null,
        0,
        0,
        null,
        null,
        null,
        1,
        2,
        null,
        null,
        1,
        1,
        null,
        null,
        1,
        1,
        1,
        null,
        1,
        1,
        null,
        null,
        1,
        null,
        1,
        1,
        null,
        null,
        null,
        null,
        null
      ]
    },
    "timestamp": 1449006743
  },
  "Integration Tests": {
    "coverage": {
      "/Users/mattrooney/code/1508/module_3/the_pivot/app/models/project.rb": [
        1,
        1,
        null,
        1,
        null,
        1,
        null,
        null,
        1,
        null,
        null,
        null,
        null,
        null,
        1,
        null
      ],
      "/Users/mattrooney/code/1508/module_3/the_pivot/app/controllers/projects_controller.rb": [
        1,
        1,
        2,
        0,
        0,
        null,
        2,
        null,
        null,
        null,
        1,
        0,
        null,
        null,
        1,
        0,
        0,
        0,
        0,
        0,
        null,
        0,
        0,
        null,
        null,
        null,
        1,
        null,
        1,
        0,
        null,
        null,
        null,
        null,
        null,
        null
      ],
      "/Users/mattrooney/code/1508/module_3/the_pivot/app/controllers/application_controller.rb": [
        1,
        1,
        1,
        1,
        null,
        1,
        2,
        null,
        null,
        1,
        4,
        null,
        null,
        1,
        2,
        null,
        null,
        1,
        null,
        null
      ],
      "/Users/mattrooney/code/1508/module_3/the_pivot/app/helpers/application_helper.rb": [
        1,
        null
      ],
      "/Users/mattrooney/code/1508/module_3/the_pivot/app/models/cart.rb": [
        1,
        1,
        null,
        1,
        2,
        null,
        null,
        1,
        0,
        0,
        null,
        null,
        1,
        0,
        0,
        null,
        null,
        1,
        0,
        null,
        null,
        1,
        2,
        null,
        null,
        1,
        0,
        0,
        null,
        0,
        null,
        null,
        1,
        0,
        null,
        null,
        1,
        0,
        0,
        0,
        null,
        null,
        null
      ]
    },
    "timestamp": 1449007685
  }
}
